{"total": {"lines":{"total":132,"covered":132,"skipped":0,"pct":100},"statements":{"total":132,"covered":132,"skipped":0,"pct":100},"functions":{"total":4,"covered":4,"skipped":0,"pct":100},"branches":{"total":5,"covered":5,"skipped":0,"pct":100},"branchesTrue":{"total":0,"covered":0,"skipped":0,"pct":"Unknown"}}
,"G:\\SATSET AI\\POS WISATA\\SATSET-BUG\\src\\doctor\\DoctorOrchestrator.ts": {"lines":{"total":132,"covered":132,"skipped":0,"pct":100},"functions":{"total":4,"covered":4,"skipped":0,"pct":100},"statements":{"total":132,"covered":132,"skipped":0,"pct":100},"branches":{"total":5,"covered":5,"skipped":0,"pct":100}}
}
