{"total": {"lines":{"total":103,"covered":77,"skipped":0,"pct":74.75},"statements":{"total":103,"covered":77,"skipped":0,"pct":74.75},"functions":{"total":4,"covered":4,"skipped":0,"pct":100},"branches":{"total":13,"covered":4,"skipped":0,"pct":30.76},"branchesTrue":{"total":0,"covered":0,"skipped":0,"pct":"Unknown"}}
,"G:\\SATSET AI\\POS WISATA\\SATSET-BUG\\src\\ai\\engines\\RepairLoopEngine.ts": {"lines":{"total":103,"covered":77,"skipped":0,"pct":74.75},"functions":{"total":4,"covered":4,"skipped":0,"pct":100},"statements":{"total":103,"covered":77,"skipped":0,"pct":74.75},"branches":{"total":13,"covered":4,"skipped":0,"pct":30.76}}
}
