{"total": {"lines":{"total":760,"covered":554,"skipped":0,"pct":72.89},"statements":{"total":760,"covered":554,"skipped":0,"pct":72.89},"functions":{"total":26,"covered":24,"skipped":0,"pct":92.3},"branches":{"total":156,"covered":96,"skipped":0,"pct":61.53},"branchesTrue":{"total":0,"covered":0,"skipped":0,"pct":100}}
,"G:\\SATSET AI\\POS WISATA\\SATSET-BUG\\src\\autofix\\AutoRepairEngine.ts": {"lines":{"total":323,"covered":257,"skipped":0,"pct":79.56},"functions":{"total":11,"covered":9,"skipped":0,"pct":81.81},"statements":{"total":323,"covered":257,"skipped":0,"pct":79.56},"branches":{"total":64,"covered":34,"skipped":0,"pct":53.12}}
,"G:\\SATSET AI\\POS WISATA\\SATSET-BUG\\src\\doctor\\VerificationEngine.ts": {"lines":{"total":437,"covered":297,"skipped":0,"pct":67.96},"functions":{"total":15,"covered":15,"skipped":0,"pct":100},"statements":{"total":437,"covered":297,"skipped":0,"pct":67.96},"branches":{"total":92,"covered":62,"skipped":0,"pct":67.39}}
}
