{"total": {"lines":{"total":14142,"covered":10906,"skipped":0,"pct":77.11},"statements":{"total":14142,"covered":10906,"skipped":0,"pct":77.11},"functions":{"total":1230,"covered":1093,"skipped":0,"pct":88.86},"branches":{"total":1983,"covered":1548,"skipped":0,"pct":78.06},"branchesTrue":{"total":0,"covered":0,"skipped":0,"pct":100}}
,"G:\\SATSET AI\\POS WISATA\\SATSET-BUG\\src\\agent\\AgentCoordinator.ts": {"lines":{"total":39,"covered":37,"skipped":0,"pct":94.87},"functions":{"total":5,"covered":5,"skipped":0,"pct":100},"statements":{"total":39,"covered":37,"skipped":0,"pct":94.87},"branches":{"total":8,"covered":7,"skipped":0,"pct":87.5}}
,"G:\\SATSET AI\\POS WISATA\\SATSET-BUG\\src\\agent\\AgentDecisionEngine.ts": {"lines":{"total":24,"covered":20,"skipped":0,"pct":83.33},"functions":{"total":3,"covered":3,"skipped":0,"pct":100},"statements":{"total":24,"covered":20,"skipped":0,"pct":83.33},"branches":{"total":4,"covered":3,"skipped":0,"pct":75}}
,"G:\\SATSET AI\\POS WISATA\\SATSET-BUG\\src\\agent\\AgentMemory.ts": {"lines":{"total":61,"covered":61,"skipped":0,"pct":100},"functions":{"total":9,"covered":9,"skipped":0,"pct":100},"statements":{"total":61,"covered":61,"skipped":0,"pct":100},"branches":{"total":12,"covered":12,"skipped":0,"pct":100}}
,"G:\\SATSET AI\\POS WISATA\\SATSET-BUG\\src\\agent\\AgentOrchestrationEngine.ts": {"lines":{"total":43,"covered":42,"skipped":0,"pct":97.67},"functions":{"total":5,"covered":5,"skipped":0,"pct":100},"statements":{"total":43,"covered":42,"skipped":0,"pct":97.67},"branches":{"total":6,"covered":5,"skipped":0,"pct":83.33}}
,"G:\\SATSET AI\\POS WISATA\\SATSET-BUG\\src\\agent\\AgentPlanner.ts": {"lines":{"total":32,"covered":32,"skipped":0,"pct":100},"functions":{"total":6,"covered":6,"skipped":0,"pct":100},"statements":{"total":32,"covered":32,"skipped":0,"pct":100},"branches":{"total":6,"covered":6,"skipped":0,"pct":100}}
,"G:\\SATSET AI\\POS WISATA\\SATSET-BUG\\src\\agent\\ExecutionHistory.ts": {"lines":{"total":28,"covered":26,"skipped":0,"pct":92.85},"functions":{"total":7,"covered":6,"skipped":0,"pct":85.71},"statements":{"total":28,"covered":26,"skipped":0,"pct":92.85},"branches":{"total":6,"covered":6,"skipped":0,"pct":100}}
,"G:\\SATSET AI\\POS WISATA\\SATSET-BUG\\src\\agent\\ExecutionQueue.ts": {"lines":{"total":32,"covered":32,"skipped":0,"pct":100},"functions":{"total":6,"covered":6,"skipped":0,"pct":100},"statements":{"total":32,"covered":32,"skipped":0,"pct":100},"branches":{"total":6,"covered":6,"skipped":0,"pct":100}}
,"G:\\SATSET AI\\POS WISATA\\SATSET-BUG\\src\\agent\\GoalManager.ts": {"lines":{"total":63,"covered":58,"skipped":0,"pct":92.06},"functions":{"total":10,"covered":9,"skipped":0,"pct":90},"statements":{"total":63,"covered":58,"skipped":0,"pct":92.06},"branches":{"total":12,"covered":11,"skipped":0,"pct":91.66}}
,"G:\\SATSET AI\\POS WISATA\\SATSET-BUG\\src\\agent\\TaskExecutor.ts": {"lines":{"total":37,"covered":30,"skipped":0,"pct":81.08},"functions":{"total":5,"covered":5,"skipped":0,"pct":100},"statements":{"total":37,"covered":30,"skipped":0,"pct":81.08},"branches":{"total":8,"covered":5,"skipped":0,"pct":62.5}}
,"G:\\SATSET AI\\POS WISATA\\SATSET-BUG\\src\\agents\\AgentMeshEngine.ts": {"lines":{"total":96,"covered":94,"skipped":0,"pct":97.91},"functions":{"total":4,"covered":4,"skipped":0,"pct":100},"statements":{"total":96,"covered":94,"skipped":0,"pct":97.91},"branches":{"total":15,"covered":10,"skipped":0,"pct":66.66}}
,"G:\\SATSET AI\\POS WISATA\\SATSET-BUG\\src\\agents\\ArchitectAgent.ts": {"lines":{"total":20,"covered":20,"skipped":0,"pct":100},"functions":{"total":4,"covered":4,"skipped":0,"pct":100},"statements":{"total":20,"covered":20,"skipped":0,"pct":100},"branches":{"total":7,"covered":7,"skipped":0,"pct":100}}
,"G:\\SATSET AI\\POS WISATA\\SATSET-BUG\\src\\agents\\BackendAgent.ts": {"lines":{"total":19,"covered":19,"skipped":0,"pct":100},"functions":{"total":4,"covered":4,"skipped":0,"pct":100},"statements":{"total":19,"covered":19,"skipped":0,"pct":100},"branches":{"total":7,"covered":7,"skipped":0,"pct":100}}
,"G:\\SATSET AI\\POS WISATA\\SATSET-BUG\\src\\agents\\DatabaseAgent.ts": {"lines":{"total":19,"covered":19,"skipped":0,"pct":100},"functions":{"total":4,"covered":4,"skipped":0,"pct":100},"statements":{"total":19,"covered":19,"skipped":0,"pct":100},"branches":{"total":7,"covered":7,"skipped":0,"pct":100}}
,"G:\\SATSET AI\\POS WISATA\\SATSET-BUG\\src\\agents\\DevOpsAgent.ts": {"lines":{"total":19,"covered":19,"skipped":0,"pct":100},"functions":{"total":4,"covered":4,"skipped":0,"pct":100},"statements":{"total":19,"covered":19,"skipped":0,"pct":100},"branches":{"total":7,"covered":7,"skipped":0,"pct":100}}
,"G:\\SATSET AI\\POS WISATA\\SATSET-BUG\\src\\agents\\DocumentationAgent.ts": {"lines":{"total":19,"covered":19,"skipped":0,"pct":100},"functions":{"total":4,"covered":4,"skipped":0,"pct":100},"statements":{"total":19,"covered":19,"skipped":0,"pct":100},"branches":{"total":6,"covered":4,"skipped":0,"pct":66.66}}
,"G:\\SATSET AI\\POS WISATA\\SATSET-BUG\\src\\agents\\FrontendAgent.ts": {"lines":{"total":19,"covered":19,"skipped":0,"pct":100},"functions":{"total":4,"covered":4,"skipped":0,"pct":100},"statements":{"total":19,"covered":19,"skipped":0,"pct":100},"branches":{"total":6,"covered":4,"skipped":0,"pct":66.66}}
,"G:\\SATSET AI\\POS WISATA\\SATSET-BUG\\src\\agents\\MultiAgentCoordinatorEngine.ts": {"lines":{"total":91,"covered":91,"skipped":0,"pct":100},"functions":{"total":5,"covered":5,"skipped":0,"pct":100},"statements":{"total":91,"covered":91,"skipped":0,"pct":100},"branches":{"total":6,"covered":6,"skipped":0,"pct":100}}
,"G:\\SATSET AI\\POS WISATA\\SATSET-BUG\\src\\agents\\PerformanceAgent.ts": {"lines":{"total":19,"covered":19,"skipped":0,"pct":100},"functions":{"total":4,"covered":4,"skipped":0,"pct":100},"statements":{"total":19,"covered":19,"skipped":0,"pct":100},"branches":{"total":6,"covered":4,"skipped":0,"pct":66.66}}
,"G:\\SATSET AI\\POS WISATA\\SATSET-BUG\\src\\agents\\QAAgent.ts": {"lines":{"total":19,"covered":19,"skipped":0,"pct":100},"functions":{"total":4,"covered":4,"skipped":0,"pct":100},"statements":{"total":19,"covered":19,"skipped":0,"pct":100},"branches":{"total":6,"covered":4,"skipped":0,"pct":66.66}}
,"G:\\SATSET AI\\POS WISATA\\SATSET-BUG\\src\\agents\\RepairAgent.ts": {"lines":{"total":19,"covered":19,"skipped":0,"pct":100},"functions":{"total":4,"covered":4,"skipped":0,"pct":100},"statements":{"total":19,"covered":19,"skipped":0,"pct":100},"branches":{"total":6,"covered":4,"skipped":0,"pct":66.66}}
,"G:\\SATSET AI\\POS WISATA\\SATSET-BUG\\src\\agents\\SecurityAgent.ts": {"lines":{"total":19,"covered":19,"skipped":0,"pct":100},"functions":{"total":4,"covered":4,"skipped":0,"pct":100},"statements":{"total":19,"covered":19,"skipped":0,"pct":100},"branches":{"total":6,"covered":4,"skipped":0,"pct":66.66}}
,"G:\\SATSET AI\\POS WISATA\\SATSET-BUG\\src\\ai\\engines\\AIRequirementEngine.ts": {"lines":{"total":51,"covered":51,"skipped":0,"pct":100},"functions":{"total":4,"covered":4,"skipped":0,"pct":100},"statements":{"total":51,"covered":51,"skipped":0,"pct":100},"branches":{"total":5,"covered":4,"skipped":0,"pct":80}}
,"G:\\SATSET AI\\POS WISATA\\SATSET-BUG\\src\\ai\\engines\\ArchitectureBuilder.ts": {"lines":{"total":41,"covered":41,"skipped":0,"pct":100},"functions":{"total":4,"covered":4,"skipped":0,"pct":100},"statements":{"total":41,"covered":41,"skipped":0,"pct":100},"branches":{"total":5,"covered":5,"skipped":0,"pct":100}}
,"G:\\SATSET AI\\POS WISATA\\SATSET-BUG\\src\\ai\\engines\\ArchitectureDecisionEngine.ts": {"lines":{"total":19,"covered":19,"skipped":0,"pct":100},"functions":{"total":4,"covered":4,"skipped":0,"pct":100},"statements":{"total":19,"covered":19,"skipped":0,"pct":100},"branches":{"total":4,"covered":4,"skipped":0,"pct":100}}
,"G:\\SATSET AI\\POS WISATA\\SATSET-BUG\\src\\ai\\engines\\ArchitectureEngine.ts": {"lines":{"total":49,"covered":49,"skipped":0,"pct":100},"functions":{"total":4,"covered":4,"skipped":0,"pct":100},"statements":{"total":49,"covered":49,"skipped":0,"pct":100},"branches":{"total":7,"covered":7,"skipped":0,"pct":100}}
,"G:\\SATSET AI\\POS WISATA\\SATSET-BUG\\src\\ai\\engines\\AuditEngine.ts": {"lines":{"total":24,"covered":24,"skipped":0,"pct":100},"functions":{"total":4,"covered":4,"skipped":0,"pct":100},"statements":{"total":24,"covered":24,"skipped":0,"pct":100},"branches":{"total":4,"covered":4,"skipped":0,"pct":100}}
,"G:\\SATSET AI\\POS WISATA\\SATSET-BUG\\src\\ai\\engines\\AuthenticationGenerator.ts": {"lines":{"total":39,"covered":39,"skipped":0,"pct":100},"functions":{"total":4,"covered":4,"skipped":0,"pct":100},"statements":{"total":39,"covered":39,"skipped":0,"pct":100},"branches":{"total":5,"covered":4,"skipped":0,"pct":80}}
,"G:\\SATSET AI\\POS WISATA\\SATSET-BUG\\src\\ai\\engines\\BackendGenerator.ts": {"lines":{"total":199,"covered":180,"skipped":0,"pct":90.45},"functions":{"total":10,"covered":10,"skipped":0,"pct":100},"statements":{"total":199,"covered":180,"skipped":0,"pct":90.45},"branches":{"total":60,"covered":50,"skipped":0,"pct":83.33}}
,"G:\\SATSET AI\\POS WISATA\\SATSET-BUG\\src\\ai\\engines\\BuildEngine.ts": {"lines":{"total":73,"covered":73,"skipped":0,"pct":100},"functions":{"total":5,"covered":5,"skipped":0,"pct":100},"statements":{"total":73,"covered":73,"skipped":0,"pct":100},"branches":{"total":6,"covered":5,"skipped":0,"pct":83.33}}
,"G:\\SATSET AI\\POS WISATA\\SATSET-BUG\\src\\ai\\engines\\BusinessRuleEngine.ts": {"lines":{"total":19,"covered":19,"skipped":0,"pct":100},"functions":{"total":4,"covered":4,"skipped":0,"pct":100},"statements":{"total":19,"covered":19,"skipped":0,"pct":100},"branches":{"total":4,"covered":4,"skipped":0,"pct":100}}
,"G:\\SATSET AI\\POS WISATA\\SATSET-BUG\\src\\ai\\engines\\CertificationEngine.ts": {"lines":{"total":71,"covered":71,"skipped":0,"pct":100},"functions":{"total":4,"covered":4,"skipped":0,"pct":100},"statements":{"total":71,"covered":71,"skipped":0,"pct":100},"branches":{"total":5,"covered":4,"skipped":0,"pct":80}}
,"G:\\SATSET AI\\POS WISATA\\SATSET-BUG\\src\\ai\\engines\\CodeAssemblerEngine.ts": {"lines":{"total":19,"covered":19,"skipped":0,"pct":100},"functions":{"total":4,"covered":4,"skipped":0,"pct":100},"statements":{"total":19,"covered":19,"skipped":0,"pct":100},"branches":{"total":4,"covered":4,"skipped":0,"pct":100}}
,"G:\\SATSET AI\\POS WISATA\\SATSET-BUG\\src\\ai\\engines\\CompileEngine.ts": {"lines":{"total":49,"covered":49,"skipped":0,"pct":100},"functions":{"total":4,"covered":4,"skipped":0,"pct":100},"statements":{"total":49,"covered":49,"skipped":0,"pct":100},"branches":{"total":4,"covered":4,"skipped":0,"pct":100}}
,"G:\\SATSET AI\\POS WISATA\\SATSET-BUG\\src\\ai\\engines\\CompileMonitorEngine.ts": {"lines":{"total":19,"covered":19,"skipped":0,"pct":100},"functions":{"total":4,"covered":4,"skipped":0,"pct":100},"statements":{"total":19,"covered":19,"skipped":0,"pct":100},"branches":{"total":4,"covered":4,"skipped":0,"pct":100}}
,"G:\\SATSET AI\\POS WISATA\\SATSET-BUG\\src\\ai\\engines\\DashboardEngine.ts": {"lines":{"total":44,"covered":44,"skipped":0,"pct":100},"functions":{"total":4,"covered":4,"skipped":0,"pct":100},"statements":{"total":44,"covered":44,"skipped":0,"pct":100},"branches":{"total":4,"covered":4,"skipped":0,"pct":100}}
,"G:\\SATSET AI\\POS WISATA\\SATSET-BUG\\src\\ai\\engines\\DatabaseGenerator.ts": {"lines":{"total":68,"covered":68,"skipped":0,"pct":100},"functions":{"total":5,"covered":5,"skipped":0,"pct":100},"statements":{"total":68,"covered":68,"skipped":0,"pct":100},"branches":{"total":15,"covered":14,"skipped":0,"pct":93.33}}
,"G:\\SATSET AI\\POS WISATA\\SATSET-BUG\\src\\ai\\engines\\DependencyResolverEngine.ts": {"lines":{"total":19,"covered":19,"skipped":0,"pct":100},"functions":{"total":4,"covered":4,"skipped":0,"pct":100},"statements":{"total":19,"covered":19,"skipped":0,"pct":100},"branches":{"total":4,"covered":4,"skipped":0,"pct":100}}
,"G:\\SATSET AI\\POS WISATA\\SATSET-BUG\\src\\ai\\engines\\DeploymentGenerator.ts": {"lines":{"total":36,"covered":36,"skipped":0,"pct":100},"functions":{"total":4,"covered":4,"skipped":0,"pct":100},"statements":{"total":36,"covered":36,"skipped":0,"pct":100},"branches":{"total":4,"covered":4,"skipped":0,"pct":100}}
,"G:\\SATSET AI\\POS WISATA\\SATSET-BUG\\src\\ai\\engines\\DeploymentPreparationEngine.ts": {"lines":{"total":24,"covered":24,"skipped":0,"pct":100},"functions":{"total":4,"covered":4,"skipped":0,"pct":100},"statements":{"total":24,"covered":24,"skipped":0,"pct":100},"branches":{"total":4,"covered":4,"skipped":0,"pct":100}}
,"G:\\SATSET AI\\POS WISATA\\SATSET-BUG\\src\\ai\\engines\\DockerGenerator.ts": {"lines":{"total":42,"covered":42,"skipped":0,"pct":100},"functions":{"total":4,"covered":4,"skipped":0,"pct":100},"statements":{"total":42,"covered":42,"skipped":0,"pct":100},"branches":{"total":4,"covered":4,"skipped":0,"pct":100}}
,"G:\\SATSET AI\\POS WISATA\\SATSET-BUG\\src\\ai\\engines\\DocumentationBuilderEngine.ts": {"lines":{"total":19,"covered":19,"skipped":0,"pct":100},"functions":{"total":4,"covered":4,"skipped":0,"pct":100},"statements":{"total":19,"covered":19,"skipped":0,"pct":100},"branches":{"total":4,"covered":4,"skipped":0,"pct":100}}
,"G:\\SATSET AI\\POS WISATA\\SATSET-BUG\\src\\ai\\engines\\DocumentationGenerator.ts": {"lines":{"total":38,"covered":38,"skipped":0,"pct":100},"functions":{"total":4,"covered":4,"skipped":0,"pct":100},"statements":{"total":38,"covered":38,"skipped":0,"pct":100},"branches":{"total":4,"covered":4,"skipped":0,"pct":100}}
,"G:\\SATSET AI\\POS WISATA\\SATSET-BUG\\src\\ai\\engines\\ExperienceEngine.ts": {"lines":{"total":19,"covered":19,"skipped":0,"pct":100},"functions":{"total":4,"covered":4,"skipped":0,"pct":100},"statements":{"total":19,"covered":19,"skipped":0,"pct":100},"branches":{"total":4,"covered":4,"skipped":0,"pct":100}}
,"G:\\SATSET AI\\POS WISATA\\SATSET-BUG\\src\\ai\\engines\\FrontendGenerator.ts": {"lines":{"total":103,"covered":103,"skipped":0,"pct":100},"functions":{"total":7,"covered":7,"skipped":0,"pct":100},"statements":{"total":103,"covered":103,"skipped":0,"pct":100},"branches":{"total":17,"covered":16,"skipped":0,"pct":94.11}}
,"G:\\SATSET AI\\POS WISATA\\SATSET-BUG\\src\\ai\\engines\\KnowledgeBaseEngine.ts": {"lines":{"total":19,"covered":19,"skipped":0,"pct":100},"functions":{"total":4,"covered":4,"skipped":0,"pct":100},"statements":{"total":19,"covered":19,"skipped":0,"pct":100},"branches":{"total":4,"covered":4,"skipped":0,"pct":100}}
,"G:\\SATSET AI\\POS WISATA\\SATSET-BUG\\src\\ai\\engines\\LearningEngine.ts": {"lines":{"total":24,"covered":24,"skipped":0,"pct":100},"functions":{"total":4,"covered":4,"skipped":0,"pct":100},"statements":{"total":24,"covered":24,"skipped":0,"pct":100},"branches":{"total":4,"covered":4,"skipped":0,"pct":100}}
,"G:\\SATSET AI\\POS WISATA\\SATSET-BUG\\src\\ai\\engines\\MetricsEngine.ts": {"lines":{"total":24,"covered":24,"skipped":0,"pct":100},"functions":{"total":4,"covered":4,"skipped":0,"pct":100},"statements":{"total":24,"covered":24,"skipped":0,"pct":100},"branches":{"total":4,"covered":4,"skipped":0,"pct":100}}
,"G:\\SATSET AI\\POS WISATA\\SATSET-BUG\\src\\ai\\engines\\ModulePlannerEngine.ts": {"lines":{"total":19,"covered":19,"skipped":0,"pct":100},"functions":{"total":4,"covered":4,"skipped":0,"pct":100},"statements":{"total":19,"covered":19,"skipped":0,"pct":100},"branches":{"total":4,"covered":4,"skipped":0,"pct":100}}
,"G:\\SATSET AI\\POS WISATA\\SATSET-BUG\\src\\ai\\engines\\NotificationEngine.ts": {"lines":{"total":24,"covered":24,"skipped":0,"pct":100},"functions":{"total":4,"covered":4,"skipped":0,"pct":100},"statements":{"total":24,"covered":24,"skipped":0,"pct":100},"branches":{"total":4,"covered":4,"skipped":0,"pct":100}}
,"G:\\SATSET AI\\POS WISATA\\SATSET-BUG\\src\\ai\\engines\\OpenApiGenerator.ts": {"lines":{"total":31,"covered":31,"skipped":0,"pct":100},"functions":{"total":4,"covered":4,"skipped":0,"pct":100},"statements":{"total":31,"covered":31,"skipped":0,"pct":100},"branches":{"total":4,"covered":4,"skipped":0,"pct":100}}
,"G:\\SATSET AI\\POS WISATA\\SATSET-BUG\\src\\ai\\engines\\OptimizationEngine.ts": {"lines":{"total":24,"covered":24,"skipped":0,"pct":100},"functions":{"total":4,"covered":4,"skipped":0,"pct":100},"statements":{"total":24,"covered":24,"skipped":0,"pct":100},"branches":{"total":4,"covered":4,"skipped":0,"pct":100}}
,"G:\\SATSET AI\\POS WISATA\\SATSET-BUG\\src\\ai\\engines\\OrchestratorEngine.ts": {"lines":{"total":42,"covered":42,"skipped":0,"pct":100},"functions":{"total":5,"covered":5,"skipped":0,"pct":100},"statements":{"total":42,"covered":42,"skipped":0,"pct":100},"branches":{"total":6,"covered":6,"skipped":0,"pct":100}}
,"G:\\SATSET AI\\POS WISATA\\SATSET-BUG\\src\\ai\\engines\\PackageEngine.ts": {"lines":{"total":24,"covered":24,"skipped":0,"pct":100},"functions":{"total":4,"covered":4,"skipped":0,"pct":100},"statements":{"total":24,"covered":24,"skipped":0,"pct":100},"branches":{"total":4,"covered":4,"skipped":0,"pct":100}}
,"G:\\SATSET AI\\POS WISATA\\SATSET-BUG\\src\\ai\\engines\\PackagePublisherEngine.ts": {"lines":{"total":19,"covered":19,"skipped":0,"pct":100},"functions":{"total":4,"covered":4,"skipped":0,"pct":100},"statements":{"total":19,"covered":19,"skipped":0,"pct":100},"branches":{"total":4,"covered":4,"skipped":0,"pct":100}}
,"G:\\SATSET AI\\POS WISATA\\SATSET-BUG\\src\\ai\\engines\\PerformanceAnalyzerEngine.ts": {"lines":{"total":19,"covered":19,"skipped":0,"pct":100},"functions":{"total":4,"covered":4,"skipped":0,"pct":100},"statements":{"total":19,"covered":19,"skipped":0,"pct":100},"branches":{"total":4,"covered":4,"skipped":0,"pct":100}}
,"G:\\SATSET AI\\POS WISATA\\SATSET-BUG\\src\\ai\\engines\\PlannerEngine.ts": {"lines":{"total":66,"covered":66,"skipped":0,"pct":100},"functions":{"total":4,"covered":4,"skipped":0,"pct":100},"statements":{"total":66,"covered":66,"skipped":0,"pct":100},"branches":{"total":9,"covered":8,"skipped":0,"pct":88.88}}
,"G:\\SATSET AI\\POS WISATA\\SATSET-BUG\\src\\ai\\engines\\ProjectBrainEngine.ts": {"lines":{"total":19,"covered":19,"skipped":0,"pct":100},"functions":{"total":4,"covered":4,"skipped":0,"pct":100},"statements":{"total":19,"covered":19,"skipped":0,"pct":100},"branches":{"total":4,"covered":4,"skipped":0,"pct":100}}
,"G:\\SATSET AI\\POS WISATA\\SATSET-BUG\\src\\ai\\engines\\ProjectScaffolder.ts": {"lines":{"total":45,"covered":45,"skipped":0,"pct":100},"functions":{"total":4,"covered":4,"skipped":0,"pct":100},"statements":{"total":45,"covered":45,"skipped":0,"pct":100},"branches":{"total":6,"covered":6,"skipped":0,"pct":100}}
,"G:\\SATSET AI\\POS WISATA\\SATSET-BUG\\src\\ai\\engines\\ProjectValidationEngine.ts": {"lines":{"total":24,"covered":24,"skipped":0,"pct":100},"functions":{"total":4,"covered":4,"skipped":0,"pct":100},"statements":{"total":24,"covered":24,"skipped":0,"pct":100},"branches":{"total":4,"covered":4,"skipped":0,"pct":100}}
,"G:\\SATSET AI\\POS WISATA\\SATSET-BUG\\src\\ai\\engines\\QualityGateEngine.ts": {"lines":{"total":24,"covered":24,"skipped":0,"pct":100},"functions":{"total":4,"covered":4,"skipped":0,"pct":100},"statements":{"total":24,"covered":24,"skipped":0,"pct":100},"branches":{"total":4,"covered":4,"skipped":0,"pct":100}}
,"G:\\SATSET AI\\POS WISATA\\SATSET-BUG\\src\\ai\\engines\\ReasoningBrainEngines.ts": {"lines":{"total":155,"covered":155,"skipped":0,"pct":100},"functions":{"total":34,"covered":34,"skipped":0,"pct":100},"statements":{"total":155,"covered":155,"skipped":0,"pct":100},"branches":{"total":38,"covered":37,"skipped":0,"pct":97.36}}
,"G:\\SATSET AI\\POS WISATA\\SATSET-BUG\\src\\ai\\engines\\RefactorEngine.ts": {"lines":{"total":19,"covered":19,"skipped":0,"pct":100},"functions":{"total":4,"covered":4,"skipped":0,"pct":100},"statements":{"total":19,"covered":19,"skipped":0,"pct":100},"branches":{"total":4,"covered":4,"skipped":0,"pct":100}}
,"G:\\SATSET AI\\POS WISATA\\SATSET-BUG\\src\\ai\\engines\\ReleaseBuilderEngine.ts": {"lines":{"total":19,"covered":19,"skipped":0,"pct":100},"functions":{"total":4,"covered":4,"skipped":0,"pct":100},"statements":{"total":19,"covered":19,"skipped":0,"pct":100},"branches":{"total":4,"covered":4,"skipped":0,"pct":100}}
,"G:\\SATSET AI\\POS WISATA\\SATSET-BUG\\src\\ai\\engines\\ReleaseEngine.ts": {"lines":{"total":24,"covered":24,"skipped":0,"pct":100},"functions":{"total":4,"covered":4,"skipped":0,"pct":100},"statements":{"total":24,"covered":24,"skipped":0,"pct":100},"branches":{"total":4,"covered":4,"skipped":0,"pct":100}}
,"G:\\SATSET AI\\POS WISATA\\SATSET-BUG\\src\\ai\\engines\\RepairLoopEngine.ts": {"lines":{"total":103,"covered":88,"skipped":0,"pct":85.43},"functions":{"total":4,"covered":4,"skipped":0,"pct":100},"statements":{"total":103,"covered":88,"skipped":0,"pct":85.43},"branches":{"total":17,"covered":10,"skipped":0,"pct":58.82}}
,"G:\\SATSET AI\\POS WISATA\\SATSET-BUG\\src\\ai\\engines\\RequirementRefinementEngine.ts": {"lines":{"total":19,"covered":19,"skipped":0,"pct":100},"functions":{"total":4,"covered":4,"skipped":0,"pct":100},"statements":{"total":19,"covered":19,"skipped":0,"pct":100},"branches":{"total":4,"covered":4,"skipped":0,"pct":100}}
,"G:\\SATSET AI\\POS WISATA\\SATSET-BUG\\src\\ai\\engines\\SecurityScannerEngine.ts": {"lines":{"total":19,"covered":19,"skipped":0,"pct":100},"functions":{"total":4,"covered":4,"skipped":0,"pct":100},"statements":{"total":19,"covered":19,"skipped":0,"pct":100},"branches":{"total":4,"covered":4,"skipped":0,"pct":100}}
,"G:\\SATSET AI\\POS WISATA\\SATSET-BUG\\src\\ai\\engines\\SelfHealingEngine.ts": {"lines":{"total":19,"covered":19,"skipped":0,"pct":100},"functions":{"total":4,"covered":4,"skipped":0,"pct":100},"statements":{"total":19,"covered":19,"skipped":0,"pct":100},"branches":{"total":4,"covered":4,"skipped":0,"pct":100}}
,"G:\\SATSET AI\\POS WISATA\\SATSET-BUG\\src\\ai\\engines\\SourceGeneratorEngine.ts": {"lines":{"total":19,"covered":19,"skipped":0,"pct":100},"functions":{"total":4,"covered":4,"skipped":0,"pct":100},"statements":{"total":19,"covered":19,"skipped":0,"pct":100},"branches":{"total":4,"covered":4,"skipped":0,"pct":100}}
,"G:\\SATSET AI\\POS WISATA\\SATSET-BUG\\src\\ai\\engines\\TestEngine.ts": {"lines":{"total":69,"covered":69,"skipped":0,"pct":100},"functions":{"total":4,"covered":4,"skipped":0,"pct":100},"statements":{"total":69,"covered":69,"skipped":0,"pct":100},"branches":{"total":4,"covered":4,"skipped":0,"pct":100}}
,"G:\\SATSET AI\\POS WISATA\\SATSET-BUG\\src\\ai\\engines\\TestMonitorEngine.ts": {"lines":{"total":19,"covered":19,"skipped":0,"pct":100},"functions":{"total":4,"covered":4,"skipped":0,"pct":100},"statements":{"total":19,"covered":19,"skipped":0,"pct":100},"branches":{"total":4,"covered":4,"skipped":0,"pct":100}}
,"G:\\SATSET AI\\POS WISATA\\SATSET-BUG\\src\\ai\\engines\\TestingGenerator.ts": {"lines":{"total":70,"covered":70,"skipped":0,"pct":100},"functions":{"total":6,"covered":6,"skipped":0,"pct":100},"statements":{"total":70,"covered":70,"skipped":0,"pct":100},"branches":{"total":12,"covered":12,"skipped":0,"pct":100}}
,"G:\\SATSET AI\\POS WISATA\\SATSET-BUG\\src\\ai\\engines\\VersionManagerEngine.ts": {"lines":{"total":19,"covered":19,"skipped":0,"pct":100},"functions":{"total":4,"covered":4,"skipped":0,"pct":100},"statements":{"total":19,"covered":19,"skipped":0,"pct":100},"branches":{"total":4,"covered":4,"skipped":0,"pct":100}}
,"G:\\SATSET AI\\POS WISATA\\SATSET-BUG\\src\\ai\\engines\\WorkflowEngine.ts": {"lines":{"total":23,"covered":23,"skipped":0,"pct":100},"functions":{"total":4,"covered":4,"skipped":0,"pct":100},"statements":{"total":23,"covered":23,"skipped":0,"pct":100},"branches":{"total":4,"covered":4,"skipped":0,"pct":100}}
,"G:\\SATSET AI\\POS WISATA\\SATSET-BUG\\src\\ai\\engines\\reasoningBrain.ts": {"lines":{"total":19,"covered":19,"skipped":0,"pct":100},"functions":{"total":3,"covered":3,"skipped":0,"pct":100},"statements":{"total":19,"covered":19,"skipped":0,"pct":100},"branches":{"total":5,"covered":3,"skipped":0,"pct":60}}
,"G:\\SATSET AI\\POS WISATA\\SATSET-BUG\\src\\analyzer\\AnalyzerEngine.ts": {"lines":{"total":21,"covered":19,"skipped":0,"pct":90.47},"functions":{"total":6,"covered":5,"skipped":0,"pct":83.33},"statements":{"total":21,"covered":19,"skipped":0,"pct":90.47},"branches":{"total":6,"covered":5,"skipped":0,"pct":83.33}}
,"G:\\SATSET AI\\POS WISATA\\SATSET-BUG\\src\\analyzer\\AnalyzerManager.ts": {"lines":{"total":20,"covered":14,"skipped":0,"pct":70},"functions":{"total":6,"covered":4,"skipped":0,"pct":66.66},"statements":{"total":20,"covered":14,"skipped":0,"pct":70},"branches":{"total":5,"covered":4,"skipped":0,"pct":80}}
,"G:\\SATSET AI\\POS WISATA\\SATSET-BUG\\src\\analyzer\\RuleEngine.ts": {"lines":{"total":43,"covered":33,"skipped":0,"pct":76.74},"functions":{"total":6,"covered":5,"skipped":0,"pct":83.33},"statements":{"total":43,"covered":33,"skipped":0,"pct":76.74},"branches":{"total":10,"covered":9,"skipped":0,"pct":90}}
,"G:\\SATSET AI\\POS WISATA\\SATSET-BUG\\src\\analyzer\\RuleRegistry.ts": {"lines":{"total":16,"covered":16,"skipped":0,"pct":100},"functions":{"total":3,"covered":3,"skipped":0,"pct":100},"statements":{"total":16,"covered":16,"skipped":0,"pct":100},"branches":{"total":3,"covered":3,"skipped":0,"pct":100}}
,"G:\\SATSET AI\\POS WISATA\\SATSET-BUG\\src\\analyzer\\rules\\DependencyConflictRule.ts": {"lines":{"total":227,"covered":23,"skipped":0,"pct":10.13},"functions":{"total":7,"covered":4,"skipped":0,"pct":57.14},"statements":{"total":227,"covered":23,"skipped":0,"pct":10.13},"branches":{"total":5,"covered":4,"skipped":0,"pct":80}}
,"G:\\SATSET AI\\POS WISATA\\SATSET-BUG\\src\\analyzer\\rules\\NextJsConfigurationRule.ts": {"lines":{"total":235,"covered":25,"skipped":0,"pct":10.63},"functions":{"total":8,"covered":4,"skipped":0,"pct":50},"statements":{"total":235,"covered":25,"skipped":0,"pct":10.63},"branches":{"total":5,"covered":4,"skipped":0,"pct":80}}
,"G:\\SATSET AI\\POS WISATA\\SATSET-BUG\\src\\analyzer\\rules\\PrismaIntegrityRule.ts": {"lines":{"total":101,"covered":97,"skipped":0,"pct":96.03},"functions":{"total":5,"covered":5,"skipped":0,"pct":100},"statements":{"total":101,"covered":97,"skipped":0,"pct":96.03},"branches":{"total":8,"covered":5,"skipped":0,"pct":62.5}}
,"G:\\SATSET AI\\POS WISATA\\SATSET-BUG\\src\\analyzer\\rules\\TurboConfigurationRule.ts": {"lines":{"total":262,"covered":25,"skipped":0,"pct":9.54},"functions":{"total":8,"covered":4,"skipped":0,"pct":50},"statements":{"total":262,"covered":25,"skipped":0,"pct":9.54},"branches":{"total":5,"covered":4,"skipped":0,"pct":80}}
,"G:\\SATSET AI\\POS WISATA\\SATSET-BUG\\src\\analyzer\\rules\\TypeScriptConfigurationRule.ts": {"lines":{"total":245,"covered":26,"skipped":0,"pct":10.61},"functions":{"total":5,"covered":4,"skipped":0,"pct":80},"statements":{"total":245,"covered":26,"skipped":0,"pct":10.61},"branches":{"total":5,"covered":4,"skipped":0,"pct":80}}
,"G:\\SATSET AI\\POS WISATA\\SATSET-BUG\\src\\architecture\\ArchitectureAnalyzer.ts": {"lines":{"total":37,"covered":37,"skipped":0,"pct":100},"functions":{"total":3,"covered":3,"skipped":0,"pct":100},"statements":{"total":37,"covered":37,"skipped":0,"pct":100},"branches":{"total":17,"covered":3,"skipped":0,"pct":17.64}}
,"G:\\SATSET AI\\POS WISATA\\SATSET-BUG\\src\\architecture\\ArchitectureDecisionEngine.ts": {"lines":{"total":22,"covered":22,"skipped":0,"pct":100},"functions":{"total":3,"covered":3,"skipped":0,"pct":100},"statements":{"total":22,"covered":22,"skipped":0,"pct":100},"branches":{"total":6,"covered":3,"skipped":0,"pct":50}}
,"G:\\SATSET AI\\POS WISATA\\SATSET-BUG\\src\\architecture\\ArchitectureEngine.ts": {"lines":{"total":104,"covered":104,"skipped":0,"pct":100},"functions":{"total":4,"covered":4,"skipped":0,"pct":100},"statements":{"total":104,"covered":104,"skipped":0,"pct":100},"branches":{"total":9,"covered":7,"skipped":0,"pct":77.77}}
,"G:\\SATSET AI\\POS WISATA\\SATSET-BUG\\src\\architecture\\ArchitectureKnowledge.ts": {"lines":{"total":17,"covered":17,"skipped":0,"pct":100},"functions":{"total":3,"covered":3,"skipped":0,"pct":100},"statements":{"total":17,"covered":17,"skipped":0,"pct":100},"branches":{"total":3,"covered":3,"skipped":0,"pct":100}}
,"G:\\SATSET AI\\POS WISATA\\SATSET-BUG\\src\\architecture\\ArchitectureScorer.ts": {"lines":{"total":15,"covered":15,"skipped":0,"pct":100},"functions":{"total":3,"covered":3,"skipped":0,"pct":100},"statements":{"total":15,"covered":15,"skipped":0,"pct":100},"branches":{"total":8,"covered":8,"skipped":0,"pct":100}}
,"G:\\SATSET AI\\POS WISATA\\SATSET-BUG\\src\\architecture\\CleanArchitecturePlanner.ts": {"lines":{"total":5,"covered":5,"skipped":0,"pct":100},"functions":{"total":3,"covered":3,"skipped":0,"pct":100},"statements":{"total":5,"covered":5,"skipped":0,"pct":100},"branches":{"total":3,"covered":3,"skipped":0,"pct":100}}
,"G:\\SATSET AI\\POS WISATA\\SATSET-BUG\\src\\architecture\\DDDPlanner.ts": {"lines":{"total":5,"covered":5,"skipped":0,"pct":100},"functions":{"total":3,"covered":3,"skipped":0,"pct":100},"statements":{"total":5,"covered":5,"skipped":0,"pct":100},"branches":{"total":3,"covered":3,"skipped":0,"pct":100}}
,"G:\\SATSET AI\\POS WISATA\\SATSET-BUG\\src\\architecture\\PatternCatalog.ts": {"lines":{"total":15,"covered":15,"skipped":0,"pct":100},"functions":{"total":3,"covered":3,"skipped":0,"pct":100},"statements":{"total":15,"covered":15,"skipped":0,"pct":100},"branches":{"total":3,"covered":3,"skipped":0,"pct":100}}
,"G:\\SATSET AI\\POS WISATA\\SATSET-BUG\\src\\architecture\\PatternEngine.ts": {"lines":{"total":7,"covered":7,"skipped":0,"pct":100},"functions":{"total":3,"covered":3,"skipped":0,"pct":100},"statements":{"total":7,"covered":7,"skipped":0,"pct":100},"branches":{"total":3,"covered":3,"skipped":0,"pct":100}}
,"G:\\SATSET AI\\POS WISATA\\SATSET-BUG\\src\\artifacts\\ArtifactGenerator.ts": {"lines":{"total":116,"covered":111,"skipped":0,"pct":95.68},"functions":{"total":9,"covered":9,"skipped":0,"pct":100},"statements":{"total":116,"covered":111,"skipped":0,"pct":95.68},"branches":{"total":38,"covered":32,"skipped":0,"pct":84.21}}
,"G:\\SATSET AI\\POS WISATA\\SATSET-BUG\\src\\artifacts\\ArtifactPipeline.ts": {"lines":{"total":38,"covered":34,"skipped":0,"pct":89.47},"functions":{"total":5,"covered":5,"skipped":0,"pct":100},"statements":{"total":38,"covered":34,"skipped":0,"pct":89.47},"branches":{"total":10,"covered":8,"skipped":0,"pct":80}}
,"G:\\SATSET AI\\POS WISATA\\SATSET-BUG\\src\\artifacts\\TaskQueue.ts": {"lines":{"total":56,"covered":48,"skipped":0,"pct":85.71},"functions":{"total":7,"covered":7,"skipped":0,"pct":100},"statements":{"total":56,"covered":48,"skipped":0,"pct":85.71},"branches":{"total":10,"covered":8,"skipped":0,"pct":80}}
,"G:\\SATSET AI\\POS WISATA\\SATSET-BUG\\src\\autofix\\AutoRepairEngine.ts": {"lines":{"total":323,"covered":214,"skipped":0,"pct":66.25},"functions":{"total":11,"covered":8,"skipped":0,"pct":72.72},"statements":{"total":323,"covered":214,"skipped":0,"pct":66.25},"branches":{"total":44,"covered":20,"skipped":0,"pct":45.45}}
,"G:\\SATSET AI\\POS WISATA\\SATSET-BUG\\src\\benchmark\\BenchmarkEngine.ts": {"lines":{"total":235,"covered":223,"skipped":0,"pct":94.89},"functions":{"total":12,"covered":12,"skipped":0,"pct":100},"statements":{"total":235,"covered":223,"skipped":0,"pct":94.89},"branches":{"total":43,"covered":38,"skipped":0,"pct":88.37}}
,"G:\\SATSET AI\\POS WISATA\\SATSET-BUG\\src\\benchmark\\CompileEvaluator.ts": {"lines":{"total":40,"covered":40,"skipped":0,"pct":100},"functions":{"total":4,"covered":4,"skipped":0,"pct":100},"statements":{"total":40,"covered":40,"skipped":0,"pct":100},"branches":{"total":9,"covered":4,"skipped":0,"pct":44.44}}
,"G:\\SATSET AI\\POS WISATA\\SATSET-BUG\\src\\benchmark\\ProjectEvaluator.ts": {"lines":{"total":36,"covered":18,"skipped":0,"pct":50},"functions":{"total":4,"covered":2,"skipped":0,"pct":50},"statements":{"total":36,"covered":18,"skipped":0,"pct":50},"branches":{"total":2,"covered":2,"skipped":0,"pct":100}}
,"G:\\SATSET AI\\POS WISATA\\SATSET-BUG\\src\\benchmark\\QualityScoreEngine.ts": {"lines":{"total":59,"covered":19,"skipped":0,"pct":32.2},"functions":{"total":4,"covered":2,"skipped":0,"pct":50},"statements":{"total":59,"covered":19,"skipped":0,"pct":32.2},"branches":{"total":2,"covered":2,"skipped":0,"pct":100}}
,"G:\\SATSET AI\\POS WISATA\\SATSET-BUG\\src\\benchmark\\RegressionAnalyzer.ts": {"lines":{"total":57,"covered":16,"skipped":0,"pct":28.07},"functions":{"total":3,"covered":2,"skipped":0,"pct":66.66},"statements":{"total":57,"covered":16,"skipped":0,"pct":28.07},"branches":{"total":2,"covered":2,"skipped":0,"pct":100}}
,"G:\\SATSET AI\\POS WISATA\\SATSET-BUG\\src\\benchmark\\ReleaseEvaluator.ts": {"lines":{"total":46,"covered":12,"skipped":0,"pct":26.08},"functions":{"total":3,"covered":2,"skipped":0,"pct":66.66},"statements":{"total":46,"covered":12,"skipped":0,"pct":26.08},"branches":{"total":2,"covered":2,"skipped":0,"pct":100}}
,"G:\\SATSET AI\\POS WISATA\\SATSET-BUG\\src\\benchmark\\TrendAnalyzer.ts": {"lines":{"total":58,"covered":18,"skipped":0,"pct":31.03},"functions":{"total":3,"covered":2,"skipped":0,"pct":66.66},"statements":{"total":58,"covered":18,"skipped":0,"pct":31.03},"branches":{"total":2,"covered":2,"skipped":0,"pct":100}}
,"G:\\SATSET AI\\POS WISATA\\SATSET-BUG\\src\\commands\\CommandExecutor.ts": {"lines":{"total":103,"covered":79,"skipped":0,"pct":76.69},"functions":{"total":18,"covered":6,"skipped":0,"pct":33.33},"statements":{"total":103,"covered":79,"skipped":0,"pct":76.69},"branches":{"total":9,"covered":8,"skipped":0,"pct":88.88}}
,"G:\\SATSET AI\\POS WISATA\\SATSET-BUG\\src\\core\\Context.ts": {"lines":{"total":209,"covered":203,"skipped":0,"pct":97.12},"functions":{"total":9,"covered":9,"skipped":0,"pct":100},"statements":{"total":209,"covered":203,"skipped":0,"pct":97.12},"branches":{"total":17,"covered":14,"skipped":0,"pct":82.35}}
,"G:\\SATSET AI\\POS WISATA\\SATSET-BUG\\src\\core\\Engine.ts": {"lines":{"total":50,"covered":50,"skipped":0,"pct":100},"functions":{"total":6,"covered":6,"skipped":0,"pct":100},"statements":{"total":50,"covered":50,"skipped":0,"pct":100},"branches":{"total":6,"covered":6,"skipped":0,"pct":100}}
,"G:\\SATSET AI\\POS WISATA\\SATSET-BUG\\src\\core\\ProjectFingerprint.ts": {"lines":{"total":242,"covered":209,"skipped":0,"pct":86.36},"functions":{"total":13,"covered":13,"skipped":0,"pct":100},"statements":{"total":242,"covered":209,"skipped":0,"pct":86.36},"branches":{"total":53,"covered":33,"skipped":0,"pct":62.26}}
,"G:\\SATSET AI\\POS WISATA\\SATSET-BUG\\src\\core\\Severity.ts": {"lines":{"total":6,"covered":6,"skipped":0,"pct":100},"functions":{"total":0,"covered":0,"skipped":0,"pct":100},"statements":{"total":6,"covered":6,"skipped":0,"pct":100},"branches":{"total":1,"covered":1,"skipped":0,"pct":100}}
,"G:\\SATSET AI\\POS WISATA\\SATSET-BUG\\src\\diagnostic\\Diagnosis.ts": {"lines":{"total":31,"covered":31,"skipped":0,"pct":100},"functions":{"total":2,"covered":2,"skipped":0,"pct":100},"statements":{"total":31,"covered":31,"skipped":0,"pct":100},"branches":{"total":2,"covered":2,"skipped":0,"pct":100}}
,"G:\\SATSET AI\\POS WISATA\\SATSET-BUG\\src\\diagnostic\\DiagnosisManager.ts": {"lines":{"total":23,"covered":17,"skipped":0,"pct":73.91},"functions":{"total":7,"covered":4,"skipped":0,"pct":57.14},"statements":{"total":23,"covered":17,"skipped":0,"pct":73.91},"branches":{"total":4,"covered":4,"skipped":0,"pct":100}}
,"G:\\SATSET AI\\POS WISATA\\SATSET-BUG\\src\\diagnostic\\DiagnosticEngine.ts": {"lines":{"total":71,"covered":65,"skipped":0,"pct":91.54},"functions":{"total":8,"covered":8,"skipped":0,"pct":100},"statements":{"total":71,"covered":65,"skipped":0,"pct":91.54},"branches":{"total":20,"covered":12,"skipped":0,"pct":60}}
,"G:\\SATSET AI\\POS WISATA\\SATSET-BUG\\src\\doctor\\BuildLoopEngine.ts": {"lines":{"total":160,"covered":155,"skipped":0,"pct":96.87},"functions":{"total":8,"covered":8,"skipped":0,"pct":100},"statements":{"total":160,"covered":155,"skipped":0,"pct":96.87},"branches":{"total":18,"covered":10,"skipped":0,"pct":55.55}}
,"G:\\SATSET AI\\POS WISATA\\SATSET-BUG\\src\\doctor\\BuildVerifier.ts": {"lines":{"total":38,"covered":36,"skipped":0,"pct":94.73},"functions":{"total":6,"covered":6,"skipped":0,"pct":100},"statements":{"total":38,"covered":36,"skipped":0,"pct":94.73},"branches":{"total":14,"covered":11,"skipped":0,"pct":78.57}}
,"G:\\SATSET AI\\POS WISATA\\SATSET-BUG\\src\\doctor\\CheckpointManager.ts": {"lines":{"total":61,"covered":44,"skipped":0,"pct":72.13},"functions":{"total":6,"covered":5,"skipped":0,"pct":83.33},"statements":{"total":61,"covered":44,"skipped":0,"pct":72.13},"branches":{"total":6,"covered":5,"skipped":0,"pct":83.33}}
,"G:\\SATSET AI\\POS WISATA\\SATSET-BUG\\src\\doctor\\CompileResult.ts": {"lines":{"total":80,"covered":39,"skipped":0,"pct":48.75},"functions":{"total":5,"covered":3,"skipped":0,"pct":60},"statements":{"total":80,"covered":39,"skipped":0,"pct":48.75},"branches":{"total":4,"covered":4,"skipped":0,"pct":100}}
,"G:\\SATSET AI\\POS WISATA\\SATSET-BUG\\src\\doctor\\DashboardRuntime.ts": {"lines":{"total":57,"covered":40,"skipped":0,"pct":70.17},"functions":{"total":5,"covered":4,"skipped":0,"pct":80},"statements":{"total":57,"covered":40,"skipped":0,"pct":70.17},"branches":{"total":4,"covered":4,"skipped":0,"pct":100}}
,"G:\\SATSET AI\\POS WISATA\\SATSET-BUG\\src\\doctor\\Doctor.ts": {"lines":{"total":405,"covered":288,"skipped":0,"pct":71.11},"functions":{"total":7,"covered":6,"skipped":0,"pct":85.71},"statements":{"total":405,"covered":288,"skipped":0,"pct":71.11},"branches":{"total":8,"covered":6,"skipped":0,"pct":75}}
,"G:\\SATSET AI\\POS WISATA\\SATSET-BUG\\src\\doctor\\DoctorOrchestrator.ts": {"lines":{"total":132,"covered":132,"skipped":0,"pct":100},"functions":{"total":4,"covered":4,"skipped":0,"pct":100},"statements":{"total":132,"covered":132,"skipped":0,"pct":100},"branches":{"total":5,"covered":5,"skipped":0,"pct":100}}
,"G:\\SATSET AI\\POS WISATA\\SATSET-BUG\\src\\doctor\\ErrorClassifier.ts": {"lines":{"total":27,"covered":18,"skipped":0,"pct":66.66},"functions":{"total":4,"covered":3,"skipped":0,"pct":75},"statements":{"total":27,"covered":18,"skipped":0,"pct":66.66},"branches":{"total":3,"covered":3,"skipped":0,"pct":100}}
,"G:\\SATSET AI\\POS WISATA\\SATSET-BUG\\src\\doctor\\EventBus.ts": {"lines":{"total":28,"covered":24,"skipped":0,"pct":85.71},"functions":{"total":6,"covered":6,"skipped":0,"pct":100},"statements":{"total":28,"covered":24,"skipped":0,"pct":85.71},"branches":{"total":7,"covered":6,"skipped":0,"pct":85.71}}
,"G:\\SATSET AI\\POS WISATA\\SATSET-BUG\\src\\doctor\\FactoryRuntime.ts": {"lines":{"total":41,"covered":41,"skipped":0,"pct":100},"functions":{"total":4,"covered":4,"skipped":0,"pct":100},"statements":{"total":41,"covered":41,"skipped":0,"pct":100},"branches":{"total":5,"covered":5,"skipped":0,"pct":100}}
,"G:\\SATSET AI\\POS WISATA\\SATSET-BUG\\src\\doctor\\FailureClassifierEngine.ts": {"lines":{"total":49,"covered":41,"skipped":0,"pct":83.67},"functions":{"total":4,"covered":4,"skipped":0,"pct":100},"statements":{"total":49,"covered":41,"skipped":0,"pct":83.67},"branches":{"total":12,"covered":4,"skipped":0,"pct":33.33}}
,"G:\\SATSET AI\\POS WISATA\\SATSET-BUG\\src\\doctor\\KnowledgeGraphEngine.ts": {"lines":{"total":112,"covered":109,"skipped":0,"pct":97.32},"functions":{"total":5,"covered":5,"skipped":0,"pct":100},"statements":{"total":112,"covered":109,"skipped":0,"pct":97.32},"branches":{"total":16,"covered":12,"skipped":0,"pct":75}}
,"G:\\SATSET AI\\POS WISATA\\SATSET-BUG\\src\\doctor\\KnowledgeMetricsEngine.ts": {"lines":{"total":62,"covered":62,"skipped":0,"pct":100},"functions":{"total":4,"covered":4,"skipped":0,"pct":100},"statements":{"total":62,"covered":62,"skipped":0,"pct":100},"branches":{"total":13,"covered":5,"skipped":0,"pct":38.46}}
,"G:\\SATSET AI\\POS WISATA\\SATSET-BUG\\src\\doctor\\KnowledgePrunerEngine.ts": {"lines":{"total":52,"covered":52,"skipped":0,"pct":100},"functions":{"total":4,"covered":4,"skipped":0,"pct":100},"statements":{"total":52,"covered":52,"skipped":0,"pct":100},"branches":{"total":14,"covered":12,"skipped":0,"pct":85.71}}
,"G:\\SATSET AI\\POS WISATA\\SATSET-BUG\\src\\doctor\\PatchApplier.ts": {"lines":{"total":33,"covered":20,"skipped":0,"pct":60.6},"functions":{"total":5,"covered":5,"skipped":0,"pct":100},"statements":{"total":33,"covered":20,"skipped":0,"pct":60.6},"branches":{"total":6,"covered":5,"skipped":0,"pct":83.33}}
,"G:\\SATSET AI\\POS WISATA\\SATSET-BUG\\src\\doctor\\PatchGenerator.ts": {"lines":{"total":52,"covered":23,"skipped":0,"pct":44.23},"functions":{"total":4,"covered":3,"skipped":0,"pct":75},"statements":{"total":52,"covered":23,"skipped":0,"pct":44.23},"branches":{"total":5,"covered":3,"skipped":0,"pct":60}}
,"G:\\SATSET AI\\POS WISATA\\SATSET-BUG\\src\\doctor\\PatchGeneratorEngine.ts": {"lines":{"total":52,"covered":52,"skipped":0,"pct":100},"functions":{"total":4,"covered":4,"skipped":0,"pct":100},"statements":{"total":52,"covered":52,"skipped":0,"pct":100},"branches":{"total":8,"covered":7,"skipped":0,"pct":87.5}}
,"G:\\SATSET AI\\POS WISATA\\SATSET-BUG\\src\\doctor\\PatchPlanner.ts": {"lines":{"total":46,"covered":21,"skipped":0,"pct":45.65},"functions":{"total":4,"covered":3,"skipped":0,"pct":75},"statements":{"total":46,"covered":21,"skipped":0,"pct":45.65},"branches":{"total":3,"covered":3,"skipped":0,"pct":100}}
,"G:\\SATSET AI\\POS WISATA\\SATSET-BUG\\src\\doctor\\PatchValidatorEngine.ts": {"lines":{"total":70,"covered":68,"skipped":0,"pct":97.14},"functions":{"total":4,"covered":4,"skipped":0,"pct":100},"statements":{"total":70,"covered":68,"skipped":0,"pct":97.14},"branches":{"total":11,"covered":8,"skipped":0,"pct":72.72}}
,"G:\\SATSET AI\\POS WISATA\\SATSET-BUG\\src\\doctor\\RepairCoordinator.ts": {"lines":{"total":108,"covered":106,"skipped":0,"pct":98.14},"functions":{"total":5,"covered":5,"skipped":0,"pct":100},"statements":{"total":108,"covered":106,"skipped":0,"pct":98.14},"branches":{"total":16,"covered":7,"skipped":0,"pct":43.75}}
,"G:\\SATSET AI\\POS WISATA\\SATSET-BUG\\src\\doctor\\RepairDecisionEngine.ts": {"lines":{"total":59,"covered":59,"skipped":0,"pct":100},"functions":{"total":4,"covered":4,"skipped":0,"pct":100},"statements":{"total":59,"covered":59,"skipped":0,"pct":100},"branches":{"total":8,"covered":5,"skipped":0,"pct":62.5}}
,"G:\\SATSET AI\\POS WISATA\\SATSET-BUG\\src\\doctor\\RepairMemoryEngine.ts": {"lines":{"total":79,"covered":79,"skipped":0,"pct":100},"functions":{"total":4,"covered":4,"skipped":0,"pct":100},"statements":{"total":79,"covered":79,"skipped":0,"pct":100},"branches":{"total":11,"covered":10,"skipped":0,"pct":90.9}}
,"G:\\SATSET AI\\POS WISATA\\SATSET-BUG\\src\\doctor\\RetryPolicy.ts": {"lines":{"total":9,"covered":9,"skipped":0,"pct":100},"functions":{"total":3,"covered":3,"skipped":0,"pct":100},"statements":{"total":9,"covered":9,"skipped":0,"pct":100},"branches":{"total":3,"covered":3,"skipped":0,"pct":100}}
,"G:\\SATSET AI\\POS WISATA\\SATSET-BUG\\src\\doctor\\RetryPolicyEngine.ts": {"lines":{"total":47,"covered":47,"skipped":0,"pct":100},"functions":{"total":4,"covered":4,"skipped":0,"pct":100},"statements":{"total":47,"covered":47,"skipped":0,"pct":100},"branches":{"total":9,"covered":5,"skipped":0,"pct":55.55}}
,"G:\\SATSET AI\\POS WISATA\\SATSET-BUG\\src\\doctor\\SemanticRetrieverEngine.ts": {"lines":{"total":55,"covered":55,"skipped":0,"pct":100},"functions":{"total":5,"covered":5,"skipped":0,"pct":100},"statements":{"total":55,"covered":55,"skipped":0,"pct":100},"branches":{"total":14,"covered":11,"skipped":0,"pct":78.57}}
,"G:\\SATSET AI\\POS WISATA\\SATSET-BUG\\src\\doctor\\VerificationEngine.ts": {"lines":{"total":437,"covered":273,"skipped":0,"pct":62.47},"functions":{"total":15,"covered":15,"skipped":0,"pct":100},"statements":{"total":437,"covered":273,"skipped":0,"pct":62.47},"branches":{"total":97,"covered":70,"skipped":0,"pct":72.16}}
,"G:\\SATSET AI\\POS WISATA\\SATSET-BUG\\src\\factory\\FactoryDashboardEngine.ts": {"lines":{"total":90,"covered":90,"skipped":0,"pct":100},"functions":{"total":5,"covered":5,"skipped":0,"pct":100},"statements":{"total":90,"covered":90,"skipped":0,"pct":100},"branches":{"total":5,"covered":5,"skipped":0,"pct":100}}
,"G:\\SATSET AI\\POS WISATA\\SATSET-BUG\\src\\factory\\QualityIntelligenceEngine.ts": {"lines":{"total":86,"covered":86,"skipped":0,"pct":100},"functions":{"total":5,"covered":5,"skipped":0,"pct":100},"statements":{"total":86,"covered":86,"skipped":0,"pct":100},"branches":{"total":5,"covered":5,"skipped":0,"pct":100}}
,"G:\\SATSET AI\\POS WISATA\\SATSET-BUG\\src\\factory\\ReleaseIntelligenceEngine.ts": {"lines":{"total":84,"covered":84,"skipped":0,"pct":100},"functions":{"total":5,"covered":5,"skipped":0,"pct":100},"statements":{"total":84,"covered":84,"skipped":0,"pct":100},"branches":{"total":5,"covered":5,"skipped":0,"pct":100}}
,"G:\\SATSET AI\\POS WISATA\\SATSET-BUG\\src\\factory\\RepairIntelligenceEngine.ts": {"lines":{"total":82,"covered":82,"skipped":0,"pct":100},"functions":{"total":5,"covered":5,"skipped":0,"pct":100},"statements":{"total":82,"covered":82,"skipped":0,"pct":100},"branches":{"total":5,"covered":5,"skipped":0,"pct":100}}
,"G:\\SATSET AI\\POS WISATA\\SATSET-BUG\\src\\fixer\\RollbackManager.ts": {"lines":{"total":43,"covered":27,"skipped":0,"pct":62.79},"functions":{"total":8,"covered":3,"skipped":0,"pct":37.5},"statements":{"total":43,"covered":27,"skipped":0,"pct":62.79},"branches":{"total":3,"covered":3,"skipped":0,"pct":100}}
,"G:\\SATSET AI\\POS WISATA\\SATSET-BUG\\src\\generator\\ApiGenerator.ts": {"lines":{"total":5,"covered":5,"skipped":0,"pct":100},"functions":{"total":3,"covered":3,"skipped":0,"pct":100},"statements":{"total":5,"covered":5,"skipped":0,"pct":100},"branches":{"total":3,"covered":3,"skipped":0,"pct":100}}
,"G:\\SATSET AI\\POS WISATA\\SATSET-BUG\\src\\generator\\AuthenticationGenerator.ts": {"lines":{"total":5,"covered":5,"skipped":0,"pct":100},"functions":{"total":3,"covered":3,"skipped":0,"pct":100},"statements":{"total":5,"covered":5,"skipped":0,"pct":100},"branches":{"total":3,"covered":3,"skipped":0,"pct":100}}
,"G:\\SATSET AI\\POS WISATA\\SATSET-BUG\\src\\generator\\AuthorizationGenerator.ts": {"lines":{"total":5,"covered":5,"skipped":0,"pct":100},"functions":{"total":3,"covered":3,"skipped":0,"pct":100},"statements":{"total":5,"covered":5,"skipped":0,"pct":100},"branches":{"total":3,"covered":3,"skipped":0,"pct":100}}
,"G:\\SATSET AI\\POS WISATA\\SATSET-BUG\\src\\generator\\BackendGenerator.ts": {"lines":{"total":5,"covered":5,"skipped":0,"pct":100},"functions":{"total":3,"covered":3,"skipped":0,"pct":100},"statements":{"total":5,"covered":5,"skipped":0,"pct":100},"branches":{"total":3,"covered":3,"skipped":0,"pct":100}}
,"G:\\SATSET AI\\POS WISATA\\SATSET-BUG\\src\\generator\\CIGenerator.ts": {"lines":{"total":5,"covered":5,"skipped":0,"pct":100},"functions":{"total":3,"covered":3,"skipped":0,"pct":100},"statements":{"total":5,"covered":5,"skipped":0,"pct":100},"branches":{"total":3,"covered":3,"skipped":0,"pct":100}}
,"G:\\SATSET AI\\POS WISATA\\SATSET-BUG\\src\\generator\\CacheGenerator.ts": {"lines":{"total":5,"covered":5,"skipped":0,"pct":100},"functions":{"total":3,"covered":3,"skipped":0,"pct":100},"statements":{"total":5,"covered":5,"skipped":0,"pct":100},"branches":{"total":3,"covered":3,"skipped":0,"pct":100}}
,"G:\\SATSET AI\\POS WISATA\\SATSET-BUG\\src\\generator\\ComposeGenerator.ts": {"lines":{"total":5,"covered":5,"skipped":0,"pct":100},"functions":{"total":3,"covered":3,"skipped":0,"pct":100},"statements":{"total":5,"covered":5,"skipped":0,"pct":100},"branches":{"total":3,"covered":3,"skipped":0,"pct":100}}
,"G:\\SATSET AI\\POS WISATA\\SATSET-BUG\\src\\generator\\ConfigGenerator.ts": {"lines":{"total":5,"covered":5,"skipped":0,"pct":100},"functions":{"total":3,"covered":3,"skipped":0,"pct":100},"statements":{"total":5,"covered":5,"skipped":0,"pct":100},"branches":{"total":3,"covered":3,"skipped":0,"pct":100}}
,"G:\\SATSET AI\\POS WISATA\\SATSET-BUG\\src\\generator\\ControllerGenerator.ts": {"lines":{"total":5,"covered":5,"skipped":0,"pct":100},"functions":{"total":3,"covered":3,"skipped":0,"pct":100},"statements":{"total":5,"covered":5,"skipped":0,"pct":100},"branches":{"total":3,"covered":3,"skipped":0,"pct":100}}
,"G:\\SATSET AI\\POS WISATA\\SATSET-BUG\\src\\generator\\DatabaseGenerator.ts": {"lines":{"total":5,"covered":5,"skipped":0,"pct":100},"functions":{"total":3,"covered":3,"skipped":0,"pct":100},"statements":{"total":5,"covered":5,"skipped":0,"pct":100},"branches":{"total":3,"covered":3,"skipped":0,"pct":100}}
,"G:\\SATSET AI\\POS WISATA\\SATSET-BUG\\src\\generator\\DockerGenerator.ts": {"lines":{"total":5,"covered":5,"skipped":0,"pct":100},"functions":{"total":3,"covered":3,"skipped":0,"pct":100},"statements":{"total":5,"covered":5,"skipped":0,"pct":100},"branches":{"total":3,"covered":3,"skipped":0,"pct":100}}
,"G:\\SATSET AI\\POS WISATA\\SATSET-BUG\\src\\generator\\DocumentationGenerator.ts": {"lines":{"total":5,"covered":5,"skipped":0,"pct":100},"functions":{"total":3,"covered":3,"skipped":0,"pct":100},"statements":{"total":5,"covered":5,"skipped":0,"pct":100},"branches":{"total":3,"covered":3,"skipped":0,"pct":100}}
,"G:\\SATSET AI\\POS WISATA\\SATSET-BUG\\src\\generator\\EntityGenerator.ts": {"lines":{"total":5,"covered":5,"skipped":0,"pct":100},"functions":{"total":3,"covered":3,"skipped":0,"pct":100},"statements":{"total":5,"covered":5,"skipped":0,"pct":100},"branches":{"total":3,"covered":3,"skipped":0,"pct":100}}
,"G:\\SATSET AI\\POS WISATA\\SATSET-BUG\\src\\generator\\EventGenerator.ts": {"lines":{"total":5,"covered":5,"skipped":0,"pct":100},"functions":{"total":3,"covered":3,"skipped":0,"pct":100},"statements":{"total":5,"covered":5,"skipped":0,"pct":100},"branches":{"total":3,"covered":3,"skipped":0,"pct":100}}
,"G:\\SATSET AI\\POS WISATA\\SATSET-BUG\\src\\generator\\FrontendGenerator.ts": {"lines":{"total":5,"covered":5,"skipped":0,"pct":100},"functions":{"total":3,"covered":3,"skipped":0,"pct":100},"statements":{"total":5,"covered":5,"skipped":0,"pct":100},"branches":{"total":3,"covered":3,"skipped":0,"pct":100}}
,"G:\\SATSET AI\\POS WISATA\\SATSET-BUG\\src\\generator\\GenerationEngine.ts": {"lines":{"total":149,"covered":149,"skipped":0,"pct":100},"functions":{"total":5,"covered":5,"skipped":0,"pct":100},"statements":{"total":149,"covered":149,"skipped":0,"pct":100},"branches":{"total":13,"covered":13,"skipped":0,"pct":100}}
,"G:\\SATSET AI\\POS WISATA\\SATSET-BUG\\src\\generator\\KubernetesGenerator.ts": {"lines":{"total":5,"covered":5,"skipped":0,"pct":100},"functions":{"total":3,"covered":3,"skipped":0,"pct":100},"statements":{"total":5,"covered":5,"skipped":0,"pct":100},"branches":{"total":3,"covered":3,"skipped":0,"pct":100}}
,"G:\\SATSET AI\\POS WISATA\\SATSET-BUG\\src\\generator\\LoggerGenerator.ts": {"lines":{"total":5,"covered":5,"skipped":0,"pct":100},"functions":{"total":3,"covered":3,"skipped":0,"pct":100},"statements":{"total":5,"covered":5,"skipped":0,"pct":100},"branches":{"total":3,"covered":3,"skipped":0,"pct":100}}
,"G:\\SATSET AI\\POS WISATA\\SATSET-BUG\\src\\generator\\MiddlewareGenerator.ts": {"lines":{"total":5,"covered":5,"skipped":0,"pct":100},"functions":{"total":3,"covered":3,"skipped":0,"pct":100},"statements":{"total":5,"covered":5,"skipped":0,"pct":100},"branches":{"total":3,"covered":3,"skipped":0,"pct":100}}
,"G:\\SATSET AI\\POS WISATA\\SATSET-BUG\\src\\generator\\MigrationGenerator.ts": {"lines":{"total":5,"covered":5,"skipped":0,"pct":100},"functions":{"total":3,"covered":3,"skipped":0,"pct":100},"statements":{"total":5,"covered":5,"skipped":0,"pct":100},"branches":{"total":3,"covered":3,"skipped":0,"pct":100}}
,"G:\\SATSET AI\\POS WISATA\\SATSET-BUG\\src\\generator\\MockGenerator.ts": {"lines":{"total":5,"covered":5,"skipped":0,"pct":100},"functions":{"total":3,"covered":3,"skipped":0,"pct":100},"statements":{"total":5,"covered":5,"skipped":0,"pct":100},"branches":{"total":3,"covered":3,"skipped":0,"pct":100}}
,"G:\\SATSET AI\\POS WISATA\\SATSET-BUG\\src\\generator\\ModuleGenerator.ts": {"lines":{"total":5,"covered":5,"skipped":0,"pct":100},"functions":{"total":3,"covered":3,"skipped":0,"pct":100},"statements":{"total":5,"covered":5,"skipped":0,"pct":100},"branches":{"total":3,"covered":3,"skipped":0,"pct":100}}
,"G:\\SATSET AI\\POS WISATA\\SATSET-BUG\\src\\generator\\ProjectGenerator.ts": {"lines":{"total":5,"covered":5,"skipped":0,"pct":100},"functions":{"total":3,"covered":3,"skipped":0,"pct":100},"statements":{"total":5,"covered":5,"skipped":0,"pct":100},"branches":{"total":3,"covered":3,"skipped":0,"pct":100}}
,"G:\\SATSET AI\\POS WISATA\\SATSET-BUG\\src\\generator\\QueueGenerator.ts": {"lines":{"total":5,"covered":5,"skipped":0,"pct":100},"functions":{"total":3,"covered":3,"skipped":0,"pct":100},"statements":{"total":5,"covered":5,"skipped":0,"pct":100},"branches":{"total":3,"covered":3,"skipped":0,"pct":100}}
,"G:\\SATSET AI\\POS WISATA\\SATSET-BUG\\src\\generator\\RepositoryGenerator.ts": {"lines":{"total":5,"covered":5,"skipped":0,"pct":100},"functions":{"total":3,"covered":3,"skipped":0,"pct":100},"statements":{"total":5,"covered":5,"skipped":0,"pct":100},"branches":{"total":3,"covered":3,"skipped":0,"pct":100}}
,"G:\\SATSET AI\\POS WISATA\\SATSET-BUG\\src\\generator\\RouteGenerator.ts": {"lines":{"total":5,"covered":5,"skipped":0,"pct":100},"functions":{"total":3,"covered":3,"skipped":0,"pct":100},"statements":{"total":5,"covered":5,"skipped":0,"pct":100},"branches":{"total":3,"covered":3,"skipped":0,"pct":100}}
,"G:\\SATSET AI\\POS WISATA\\SATSET-BUG\\src\\generator\\SeederGenerator.ts": {"lines":{"total":5,"covered":5,"skipped":0,"pct":100},"functions":{"total":3,"covered":3,"skipped":0,"pct":100},"statements":{"total":5,"covered":5,"skipped":0,"pct":100},"branches":{"total":3,"covered":3,"skipped":0,"pct":100}}
,"G:\\SATSET AI\\POS WISATA\\SATSET-BUG\\src\\generator\\ServiceGenerator.ts": {"lines":{"total":5,"covered":5,"skipped":0,"pct":100},"functions":{"total":3,"covered":3,"skipped":0,"pct":100},"statements":{"total":5,"covered":5,"skipped":0,"pct":100},"branches":{"total":3,"covered":3,"skipped":0,"pct":100}}
,"G:\\SATSET AI\\POS WISATA\\SATSET-BUG\\src\\generator\\TestGenerator.ts": {"lines":{"total":5,"covered":5,"skipped":0,"pct":100},"functions":{"total":3,"covered":3,"skipped":0,"pct":100},"statements":{"total":5,"covered":5,"skipped":0,"pct":100},"branches":{"total":3,"covered":3,"skipped":0,"pct":100}}
,"G:\\SATSET AI\\POS WISATA\\SATSET-BUG\\src\\generator\\ValidationGenerator.ts": {"lines":{"total":5,"covered":5,"skipped":0,"pct":100},"functions":{"total":3,"covered":3,"skipped":0,"pct":100},"statements":{"total":5,"covered":5,"skipped":0,"pct":100},"branches":{"total":3,"covered":3,"skipped":0,"pct":100}}
,"G:\\SATSET AI\\POS WISATA\\SATSET-BUG\\src\\health\\HealthEngine.ts": {"lines":{"total":161,"covered":146,"skipped":0,"pct":90.68},"functions":{"total":10,"covered":10,"skipped":0,"pct":100},"statements":{"total":161,"covered":146,"skipped":0,"pct":90.68},"branches":{"total":44,"covered":31,"skipped":0,"pct":70.45}}
,"G:\\SATSET AI\\POS WISATA\\SATSET-BUG\\src\\history\\HistoryEngine.ts": {"lines":{"total":67,"covered":59,"skipped":0,"pct":88.05},"functions":{"total":10,"covered":6,"skipped":0,"pct":60},"statements":{"total":67,"covered":59,"skipped":0,"pct":88.05},"branches":{"total":12,"covered":8,"skipped":0,"pct":66.66}}
,"G:\\SATSET AI\\POS WISATA\\SATSET-BUG\\src\\history\\HistoryManager.ts": {"lines":{"total":34,"covered":26,"skipped":0,"pct":76.47},"functions":{"total":10,"covered":6,"skipped":0,"pct":60},"statements":{"total":34,"covered":26,"skipped":0,"pct":76.47},"branches":{"total":6,"covered":6,"skipped":0,"pct":100}}
,"G:\\SATSET AI\\POS WISATA\\SATSET-BUG\\src\\history\\HistoryRepository.ts": {"lines":{"total":142,"covered":61,"skipped":0,"pct":42.95},"functions":{"total":13,"covered":8,"skipped":0,"pct":61.53},"statements":{"total":142,"covered":61,"skipped":0,"pct":42.95},"branches":{"total":15,"covered":14,"skipped":0,"pct":93.33}}
,"G:\\SATSET AI\\POS WISATA\\SATSET-BUG\\src\\history\\HistorySerializer.ts": {"lines":{"total":13,"covered":11,"skipped":0,"pct":84.61},"functions":{"total":4,"covered":3,"skipped":0,"pct":75},"statements":{"total":13,"covered":11,"skipped":0,"pct":84.61},"branches":{"total":4,"covered":3,"skipped":0,"pct":75}}
,"G:\\SATSET AI\\POS WISATA\\SATSET-BUG\\src\\orchestrator\\CheckpointEngine.ts": {"lines":{"total":27,"covered":27,"skipped":0,"pct":100},"functions":{"total":4,"covered":4,"skipped":0,"pct":100},"statements":{"total":27,"covered":27,"skipped":0,"pct":100},"branches":{"total":4,"covered":4,"skipped":0,"pct":100}}
,"G:\\SATSET AI\\POS WISATA\\SATSET-BUG\\src\\orchestrator\\DecisionEngine.ts": {"lines":{"total":25,"covered":25,"skipped":0,"pct":100},"functions":{"total":4,"covered":4,"skipped":0,"pct":100},"statements":{"total":25,"covered":25,"skipped":0,"pct":100},"branches":{"total":4,"covered":4,"skipped":0,"pct":100}}
,"G:\\SATSET AI\\POS WISATA\\SATSET-BUG\\src\\orchestrator\\ProgressEngine.ts": {"lines":{"total":44,"covered":44,"skipped":0,"pct":100},"functions":{"total":4,"covered":4,"skipped":0,"pct":100},"statements":{"total":44,"covered":44,"skipped":0,"pct":100},"branches":{"total":4,"covered":4,"skipped":0,"pct":100}}
,"G:\\SATSET AI\\POS WISATA\\SATSET-BUG\\src\\orchestrator\\ResumeEngine.ts": {"lines":{"total":23,"covered":23,"skipped":0,"pct":100},"functions":{"total":4,"covered":4,"skipped":0,"pct":100},"statements":{"total":23,"covered":23,"skipped":0,"pct":100},"branches":{"total":4,"covered":4,"skipped":0,"pct":100}}
,"G:\\SATSET AI\\POS WISATA\\SATSET-BUG\\src\\orchestrator\\SchedulerEngine.ts": {"lines":{"total":26,"covered":26,"skipped":0,"pct":100},"functions":{"total":4,"covered":4,"skipped":0,"pct":100},"statements":{"total":26,"covered":26,"skipped":0,"pct":100},"branches":{"total":5,"covered":4,"skipped":0,"pct":80}}
,"G:\\SATSET AI\\POS WISATA\\SATSET-BUG\\src\\orchestrator\\TaskGraphEngine.ts": {"lines":{"total":41,"covered":41,"skipped":0,"pct":100},"functions":{"total":4,"covered":4,"skipped":0,"pct":100},"statements":{"total":41,"covered":41,"skipped":0,"pct":100},"branches":{"total":4,"covered":4,"skipped":0,"pct":100}}
,"G:\\SATSET AI\\POS WISATA\\SATSET-BUG\\src\\orchestrator\\WorkerEngine.ts": {"lines":{"total":23,"covered":23,"skipped":0,"pct":100},"functions":{"total":4,"covered":4,"skipped":0,"pct":100},"statements":{"total":23,"covered":23,"skipped":0,"pct":100},"branches":{"total":4,"covered":4,"skipped":0,"pct":100}}
,"G:\\SATSET AI\\POS WISATA\\SATSET-BUG\\src\\planner\\RepairEngine.ts": {"lines":{"total":137,"covered":117,"skipped":0,"pct":85.4},"functions":{"total":9,"covered":9,"skipped":0,"pct":100},"statements":{"total":137,"covered":117,"skipped":0,"pct":85.4},"branches":{"total":27,"covered":11,"skipped":0,"pct":40.74}}
,"G:\\SATSET AI\\POS WISATA\\SATSET-BUG\\src\\planner\\RepairPlanner.ts": {"lines":{"total":127,"covered":113,"skipped":0,"pct":88.97},"functions":{"total":9,"covered":8,"skipped":0,"pct":88.88},"statements":{"total":127,"covered":113,"skipped":0,"pct":88.97},"branches":{"total":19,"covered":12,"skipped":0,"pct":63.15}}
,"G:\\SATSET AI\\POS WISATA\\SATSET-BUG\\src\\plugins\\PluginEngine.ts": {"lines":{"total":79,"covered":42,"skipped":0,"pct":53.16},"functions":{"total":8,"covered":6,"skipped":0,"pct":75},"statements":{"total":79,"covered":42,"skipped":0,"pct":53.16},"branches":{"total":8,"covered":6,"skipped":0,"pct":75}}
,"G:\\SATSET AI\\POS WISATA\\SATSET-BUG\\src\\plugins\\PluginLoader.ts": {"lines":{"total":59,"covered":23,"skipped":0,"pct":38.98},"functions":{"total":8,"covered":4,"skipped":0,"pct":50},"statements":{"total":59,"covered":23,"skipped":0,"pct":38.98},"branches":{"total":4,"covered":4,"skipped":0,"pct":100}}
,"G:\\SATSET AI\\POS WISATA\\SATSET-BUG\\src\\plugins\\PluginManager.ts": {"lines":{"total":20,"covered":12,"skipped":0,"pct":60},"functions":{"total":6,"covered":3,"skipped":0,"pct":50},"statements":{"total":20,"covered":12,"skipped":0,"pct":60},"branches":{"total":3,"covered":3,"skipped":0,"pct":100}}
,"G:\\SATSET AI\\POS WISATA\\SATSET-BUG\\src\\plugins\\PluginRegistry.ts": {"lines":{"total":56,"covered":26,"skipped":0,"pct":46.42},"functions":{"total":9,"covered":3,"skipped":0,"pct":33.33},"statements":{"total":56,"covered":26,"skipped":0,"pct":46.42},"branches":{"total":3,"covered":3,"skipped":0,"pct":100}}
,"G:\\SATSET AI\\POS WISATA\\SATSET-BUG\\src\\prompt\\PromptCompilerEngine.ts": {"lines":{"total":83,"covered":83,"skipped":0,"pct":100},"functions":{"total":5,"covered":5,"skipped":0,"pct":100},"statements":{"total":83,"covered":83,"skipped":0,"pct":100},"branches":{"total":6,"covered":5,"skipped":0,"pct":83.33}}
,"G:\\SATSET AI\\POS WISATA\\SATSET-BUG\\src\\reasoning\\ReasoningEngine.ts": {"lines":{"total":54,"covered":54,"skipped":0,"pct":100},"functions":{"total":4,"covered":4,"skipped":0,"pct":100},"statements":{"total":54,"covered":54,"skipped":0,"pct":100},"branches":{"total":6,"covered":6,"skipped":0,"pct":100}}
,"G:\\SATSET AI\\POS WISATA\\SATSET-BUG\\src\\repair\\RepairLifecycle.ts": {"lines":{"total":151,"covered":104,"skipped":0,"pct":68.87},"functions":{"total":6,"covered":6,"skipped":0,"pct":100},"statements":{"total":151,"covered":104,"skipped":0,"pct":68.87},"branches":{"total":34,"covered":21,"skipped":0,"pct":61.76}}
,"G:\\SATSET AI\\POS WISATA\\SATSET-BUG\\src\\report\\ConsoleReporter.ts": {"lines":{"total":106,"covered":91,"skipped":0,"pct":85.84},"functions":{"total":4,"covered":4,"skipped":0,"pct":100},"statements":{"total":106,"covered":91,"skipped":0,"pct":85.84},"branches":{"total":24,"covered":6,"skipped":0,"pct":25}}
,"G:\\SATSET AI\\POS WISATA\\SATSET-BUG\\src\\report\\ReporterEngine.ts": {"lines":{"total":20,"covered":18,"skipped":0,"pct":90},"functions":{"total":6,"covered":5,"skipped":0,"pct":83.33},"statements":{"total":20,"covered":18,"skipped":0,"pct":90},"branches":{"total":6,"covered":5,"skipped":0,"pct":83.33}}
,"G:\\SATSET AI\\POS WISATA\\SATSET-BUG\\src\\report\\ReporterManager.ts": {"lines":{"total":20,"covered":18,"skipped":0,"pct":90},"functions":{"total":6,"covered":5,"skipped":0,"pct":83.33},"statements":{"total":20,"covered":18,"skipped":0,"pct":90},"branches":{"total":5,"covered":5,"skipped":0,"pct":100}}
,"G:\\SATSET AI\\POS WISATA\\SATSET-BUG\\src\\report\\ReporterRegistry.ts": {"lines":{"total":8,"covered":8,"skipped":0,"pct":100},"functions":{"total":3,"covered":3,"skipped":0,"pct":100},"statements":{"total":8,"covered":8,"skipped":0,"pct":100},"branches":{"total":3,"covered":3,"skipped":0,"pct":100}}
,"G:\\SATSET AI\\POS WISATA\\SATSET-BUG\\src\\rootcause\\RootCause.ts": {"lines":{"total":36,"covered":36,"skipped":0,"pct":100},"functions":{"total":4,"covered":4,"skipped":0,"pct":100},"statements":{"total":36,"covered":36,"skipped":0,"pct":100},"branches":{"total":10,"covered":4,"skipped":0,"pct":40}}
,"G:\\SATSET AI\\POS WISATA\\SATSET-BUG\\src\\rootcause\\RootCauseEngine.ts": {"lines":{"total":136,"covered":129,"skipped":0,"pct":94.85},"functions":{"total":9,"covered":9,"skipped":0,"pct":100},"statements":{"total":136,"covered":129,"skipped":0,"pct":94.85},"branches":{"total":36,"covered":23,"skipped":0,"pct":63.88}}
,"G:\\SATSET AI\\POS WISATA\\SATSET-BUG\\src\\rootcause\\RootCauseGraph.ts": {"lines":{"total":85,"covered":85,"skipped":0,"pct":100},"functions":{"total":10,"covered":10,"skipped":0,"pct":100},"statements":{"total":85,"covered":85,"skipped":0,"pct":100},"branches":{"total":17,"covered":15,"skipped":0,"pct":88.23}}
,"G:\\SATSET AI\\POS WISATA\\SATSET-BUG\\src\\rootcause\\RootCauseRegistry.ts": {"lines":{"total":17,"covered":15,"skipped":0,"pct":88.23},"functions":{"total":5,"covered":4,"skipped":0,"pct":80},"statements":{"total":17,"covered":15,"skipped":0,"pct":88.23},"branches":{"total":4,"covered":4,"skipped":0,"pct":100}}
,"G:\\SATSET AI\\POS WISATA\\SATSET-BUG\\src\\runtime\\ArtifactBus.ts": {"lines":{"total":44,"covered":44,"skipped":0,"pct":100},"functions":{"total":6,"covered":6,"skipped":0,"pct":100},"statements":{"total":44,"covered":44,"skipped":0,"pct":100},"branches":{"total":9,"covered":9,"skipped":0,"pct":100}}
,"G:\\SATSET AI\\POS WISATA\\SATSET-BUG\\src\\runtime\\AutonomousOrchestrator.ts": {"lines":{"total":117,"covered":117,"skipped":0,"pct":100},"functions":{"total":10,"covered":10,"skipped":0,"pct":100},"statements":{"total":117,"covered":117,"skipped":0,"pct":100},"branches":{"total":13,"covered":11,"skipped":0,"pct":84.61}}
,"G:\\SATSET AI\\POS WISATA\\SATSET-BUG\\src\\runtime\\DashboardRuntime.ts": {"lines":{"total":40,"covered":40,"skipped":0,"pct":100},"functions":{"total":3,"covered":3,"skipped":0,"pct":100},"statements":{"total":40,"covered":40,"skipped":0,"pct":100},"branches":{"total":8,"covered":3,"skipped":0,"pct":37.5}}
,"G:\\SATSET AI\\POS WISATA\\SATSET-BUG\\src\\runtime\\EngineRegistry.ts": {"lines":{"total":101,"covered":73,"skipped":0,"pct":72.27},"functions":{"total":11,"covered":6,"skipped":0,"pct":54.54},"statements":{"total":101,"covered":73,"skipped":0,"pct":72.27},"branches":{"total":14,"covered":8,"skipped":0,"pct":57.14}}
,"G:\\SATSET AI\\POS WISATA\\SATSET-BUG\\src\\runtime\\ExecutionGraph.ts": {"lines":{"total":33,"covered":33,"skipped":0,"pct":100},"functions":{"total":3,"covered":3,"skipped":0,"pct":100},"statements":{"total":33,"covered":33,"skipped":0,"pct":100},"branches":{"total":5,"covered":5,"skipped":0,"pct":100}}
,"G:\\SATSET AI\\POS WISATA\\SATSET-BUG\\src\\runtime\\ExecutionGraphEngine.ts": {"lines":{"total":82,"covered":82,"skipped":0,"pct":100},"functions":{"total":5,"covered":5,"skipped":0,"pct":100},"statements":{"total":82,"covered":82,"skipped":0,"pct":100},"branches":{"total":10,"covered":10,"skipped":0,"pct":100}}
,"G:\\SATSET AI\\POS WISATA\\SATSET-BUG\\src\\runtime\\ExecutionScheduler.ts": {"lines":{"total":31,"covered":18,"skipped":0,"pct":58.06},"functions":{"total":6,"covered":4,"skipped":0,"pct":66.66},"statements":{"total":31,"covered":18,"skipped":0,"pct":58.06},"branches":{"total":4,"covered":4,"skipped":0,"pct":100}}
,"G:\\SATSET AI\\POS WISATA\\SATSET-BUG\\src\\runtime\\PipelineResolver.ts": {"lines":{"total":87,"covered":77,"skipped":0,"pct":88.5},"functions":{"total":7,"covered":7,"skipped":0,"pct":100},"statements":{"total":87,"covered":77,"skipped":0,"pct":88.5},"branches":{"total":17,"covered":14,"skipped":0,"pct":82.35}}
,"G:\\SATSET AI\\POS WISATA\\SATSET-BUG\\src\\runtime\\RuntimeKernel.ts": {"lines":{"total":134,"covered":119,"skipped":0,"pct":88.8},"functions":{"total":8,"covered":8,"skipped":0,"pct":100},"statements":{"total":134,"covered":119,"skipped":0,"pct":88.8},"branches":{"total":15,"covered":10,"skipped":0,"pct":66.66}}
,"G:\\SATSET AI\\POS WISATA\\SATSET-BUG\\src\\runtime\\RuntimeMetricsEngine.ts": {"lines":{"total":27,"covered":27,"skipped":0,"pct":100},"functions":{"total":3,"covered":3,"skipped":0,"pct":100},"statements":{"total":27,"covered":27,"skipped":0,"pct":100},"branches":{"total":3,"covered":3,"skipped":0,"pct":100}}
,"G:\\SATSET AI\\POS WISATA\\SATSET-BUG\\src\\runtime\\RuntimeMonitor.ts": {"lines":{"total":34,"covered":34,"skipped":0,"pct":100},"functions":{"total":3,"covered":3,"skipped":0,"pct":100},"statements":{"total":34,"covered":34,"skipped":0,"pct":100},"branches":{"total":7,"covered":4,"skipped":0,"pct":57.14}}
,"G:\\SATSET AI\\POS WISATA\\SATSET-BUG\\src\\scanner\\DependencyGraphScanner.ts": {"lines":{"total":317,"covered":93,"skipped":0,"pct":29.33},"functions":{"total":17,"covered":6,"skipped":0,"pct":35.29},"statements":{"total":317,"covered":93,"skipped":0,"pct":29.33},"branches":{"total":8,"covered":6,"skipped":0,"pct":75}}
,"G:\\SATSET AI\\POS WISATA\\SATSET-BUG\\src\\scanner\\EnvironmentScanner.ts": {"lines":{"total":160,"covered":118,"skipped":0,"pct":73.75},"functions":{"total":9,"covered":8,"skipped":0,"pct":88.88},"statements":{"total":160,"covered":118,"skipped":0,"pct":73.75},"branches":{"total":12,"covered":10,"skipped":0,"pct":83.33}}
,"G:\\SATSET AI\\POS WISATA\\SATSET-BUG\\src\\scanner\\GitScanner.ts": {"lines":{"total":140,"covered":86,"skipped":0,"pct":61.42},"functions":{"total":10,"covered":7,"skipped":0,"pct":70},"statements":{"total":140,"covered":86,"skipped":0,"pct":61.42},"branches":{"total":12,"covered":7,"skipped":0,"pct":58.33}}
,"G:\\SATSET AI\\POS WISATA\\SATSET-BUG\\src\\scanner\\NextJsScanner.ts": {"lines":{"total":156,"covered":94,"skipped":0,"pct":60.25},"functions":{"total":10,"covered":7,"skipped":0,"pct":70},"statements":{"total":156,"covered":94,"skipped":0,"pct":60.25},"branches":{"total":16,"covered":8,"skipped":0,"pct":50}}
,"G:\\SATSET AI\\POS WISATA\\SATSET-BUG\\src\\scanner\\PackageJsonScanner.ts": {"lines":{"total":39,"covered":19,"skipped":0,"pct":48.71},"functions":{"total":4,"covered":4,"skipped":0,"pct":100},"statements":{"total":39,"covered":19,"skipped":0,"pct":48.71},"branches":{"total":5,"covered":4,"skipped":0,"pct":80}}
,"G:\\SATSET AI\\POS WISATA\\SATSET-BUG\\src\\scanner\\PnpmWorkspaceScanner.ts": {"lines":{"total":229,"covered":90,"skipped":0,"pct":39.3},"functions":{"total":11,"covered":6,"skipped":0,"pct":54.54},"statements":{"total":229,"covered":90,"skipped":0,"pct":39.3},"branches":{"total":11,"covered":6,"skipped":0,"pct":54.54}}
,"G:\\SATSET AI\\POS WISATA\\SATSET-BUG\\src\\scanner\\PrismaScanner.ts": {"lines":{"total":311,"covered":209,"skipped":0,"pct":67.2},"functions":{"total":4,"covered":4,"skipped":0,"pct":100},"statements":{"total":311,"covered":209,"skipped":0,"pct":67.2},"branches":{"total":27,"covered":13,"skipped":0,"pct":48.14}}
,"G:\\SATSET AI\\POS WISATA\\SATSET-BUG\\src\\scanner\\ReactScanner.ts": {"lines":{"total":124,"covered":79,"skipped":0,"pct":63.7},"functions":{"total":10,"covered":6,"skipped":0,"pct":60},"statements":{"total":124,"covered":79,"skipped":0,"pct":63.7},"branches":{"total":14,"covered":6,"skipped":0,"pct":42.85}}
,"G:\\SATSET AI\\POS WISATA\\SATSET-BUG\\src\\scanner\\ScannerEngine.ts": {"lines":{"total":21,"covered":19,"skipped":0,"pct":90.47},"functions":{"total":6,"covered":5,"skipped":0,"pct":83.33},"statements":{"total":21,"covered":19,"skipped":0,"pct":90.47},"branches":{"total":6,"covered":5,"skipped":0,"pct":83.33}}
,"G:\\SATSET AI\\POS WISATA\\SATSET-BUG\\src\\scanner\\ScannerManager.ts": {"lines":{"total":20,"covered":18,"skipped":0,"pct":90},"functions":{"total":6,"covered":5,"skipped":0,"pct":83.33},"statements":{"total":20,"covered":18,"skipped":0,"pct":90},"branches":{"total":6,"covered":6,"skipped":0,"pct":100}}
,"G:\\SATSET AI\\POS WISATA\\SATSET-BUG\\src\\scanner\\ScannerRegistry.ts": {"lines":{"total":28,"covered":28,"skipped":0,"pct":100},"functions":{"total":3,"covered":3,"skipped":0,"pct":100},"statements":{"total":28,"covered":28,"skipped":0,"pct":100},"branches":{"total":3,"covered":3,"skipped":0,"pct":100}}
,"G:\\SATSET AI\\POS WISATA\\SATSET-BUG\\src\\scanner\\TailwindScanner.ts": {"lines":{"total":192,"covered":117,"skipped":0,"pct":60.93},"functions":{"total":12,"covered":8,"skipped":0,"pct":66.66},"statements":{"total":192,"covered":117,"skipped":0,"pct":60.93},"branches":{"total":15,"covered":10,"skipped":0,"pct":66.66}}
,"G:\\SATSET AI\\POS WISATA\\SATSET-BUG\\src\\scanner\\TurboScanner.ts": {"lines":{"total":130,"covered":79,"skipped":0,"pct":60.76},"functions":{"total":9,"covered":7,"skipped":0,"pct":77.77},"statements":{"total":130,"covered":79,"skipped":0,"pct":60.76},"branches":{"total":12,"covered":8,"skipped":0,"pct":66.66}}
,"G:\\SATSET AI\\POS WISATA\\SATSET-BUG\\src\\scanner\\TypeScriptScanner.ts": {"lines":{"total":144,"covered":87,"skipped":0,"pct":60.41},"functions":{"total":6,"covered":6,"skipped":0,"pct":100},"statements":{"total":144,"covered":87,"skipped":0,"pct":60.41},"branches":{"total":10,"covered":6,"skipped":0,"pct":60}}
,"G:\\SATSET AI\\POS WISATA\\SATSET-BUG\\src\\selfevolution\\SelfEvolutionEngine.ts": {"lines":{"total":88,"covered":84,"skipped":0,"pct":95.45},"functions":{"total":7,"covered":7,"skipped":0,"pct":100},"statements":{"total":88,"covered":84,"skipped":0,"pct":95.45},"branches":{"total":15,"covered":13,"skipped":0,"pct":86.66}}
,"G:\\SATSET AI\\POS WISATA\\SATSET-BUG\\src\\swarm\\SwarmAgent.ts": {"lines":{"total":25,"covered":23,"skipped":0,"pct":92},"functions":{"total":7,"covered":6,"skipped":0,"pct":85.71},"statements":{"total":25,"covered":23,"skipped":0,"pct":92},"branches":{"total":7,"covered":7,"skipped":0,"pct":100}}
,"G:\\SATSET AI\\POS WISATA\\SATSET-BUG\\src\\swarm\\SwarmCoordinator.ts": {"lines":{"total":12,"covered":12,"skipped":0,"pct":100},"functions":{"total":3,"covered":3,"skipped":0,"pct":100},"statements":{"total":12,"covered":12,"skipped":0,"pct":100},"branches":{"total":5,"covered":4,"skipped":0,"pct":80}}
,"G:\\SATSET AI\\POS WISATA\\SATSET-BUG\\src\\swarm\\SwarmCoordinatorEngine.ts": {"lines":{"total":99,"covered":97,"skipped":0,"pct":97.97},"functions":{"total":4,"covered":4,"skipped":0,"pct":100},"statements":{"total":99,"covered":97,"skipped":0,"pct":97.97},"branches":{"total":9,"covered":8,"skipped":0,"pct":88.88}}
,"G:\\SATSET AI\\POS WISATA\\SATSET-BUG\\src\\validation\\ProductionValidator.ts": {"lines":{"total":195,"covered":74,"skipped":0,"pct":37.94},"functions":{"total":5,"covered":4,"skipped":0,"pct":80},"statements":{"total":195,"covered":74,"skipped":0,"pct":37.94},"branches":{"total":6,"covered":4,"skipped":0,"pct":66.66}}
,"G:\\SATSET AI\\POS WISATA\\SATSET-BUG\\src\\validation\\ProjectMatrix.ts": {"lines":{"total":38,"covered":15,"skipped":0,"pct":39.47},"functions":{"total":6,"covered":2,"skipped":0,"pct":33.33},"statements":{"total":38,"covered":15,"skipped":0,"pct":39.47},"branches":{"total":2,"covered":2,"skipped":0,"pct":100}}
,"G:\\SATSET AI\\POS WISATA\\SATSET-BUG\\src\\validation\\ValidationReport.ts": {"lines":{"total":15,"covered":15,"skipped":0,"pct":100},"functions":{"total":3,"covered":3,"skipped":0,"pct":100},"statements":{"total":15,"covered":15,"skipped":0,"pct":100},"branches":{"total":3,"covered":3,"skipped":0,"pct":100}}
}
